<?xml version="1.0" encoding="UTF-8"?>
<!-- Generated by org.testng.reporters.JUnitXMLReporter -->
<testsuite ignored="2" hostname="Ajeets-MacBook-Air.local" failures="5" tests="7" name="Test" time="135.636" errors="0" timestamp="2025-06-07T11:32:56 AEST">
  <testcase classname="com.planit.tests.testcases.ShoppingCartTest" name="testAddProductsToCart" time="7.301"/>
  <testcase classname="com.planit.tests.testcases.ContactFormTest" name="testEmptyFormValidation" time="4.135"/>
  <testcase classname="com.planit.tests.testcases.ContactFormTest" name="testValidFormSubmission" time="44.059">
    <failure type="org.openqa.selenium.ElementClickInterceptedException" message="element click intercepted: Element &amp;lt;a class=&amp;quot;btn&amp;quot; ng-click=&amp;quot;goBack()&amp;quot; href=&amp;quot;&amp;quot;&amp;gt;...&amp;lt;/a&amp;gt; is not clickable at point (56, 133). Other element would receive the click: &amp;lt;div class=&amp;quot;modal-backdrop  in&amp;quot;&amp;gt;&amp;lt;/div&amp;gt;
  (Session info: chrome=137.0.7151.69)
Build info: version: &amp;apos;4.33.0&amp;apos;, revision: &amp;apos;2c6aaad03a&amp;apos;
System info: os.name: &amp;apos;Mac OS X&amp;apos;, os.arch: &amp;apos;aarch64&amp;apos;, os.version: &amp;apos;15.0.1&amp;apos;, java.version: &amp;apos;11.0.21&amp;apos;
Driver info: org.openqa.selenium.chrome.ChromeDriver
Command: [9d06139704b8e6b0ccc136f535e9064b, clickElement {id=f.F8EF825DC0246AB0CEEEDC84295066F9.d.CB70204CE0BA4289CF01006C49EFB42E.e.1132}]
Capabilities {acceptInsecureCerts: false, browserName: chrome, browserVersion: 137.0.7151.69, chrome: {chromedriverVersion: 137.0.7151.68 (2989ffee9373..., userDataDir: /var/folders/vf/lfpdnfb13lj...}, fedcm:accounts: true, goog:chromeOptions: {debuggerAddress: localhost:64353}, networkConnectionEnabled: false, pageLoadStrategy: normal, platformName: mac, proxy: Proxy(), se:cdp: ws://localhost:64353/devtoo..., se:cdpVersion: 137.0.7151.69, setWindowRect: true, strictFileInteractability: false, timeouts: {implicit: 0, pageLoad: 300000, script: 30000}, unhandledPromptBehavior: dismiss and notify, webauthn:extension:credBlob: true, webauthn:extension:largeBlob: true, webauthn:extension:minPinLength: true, webauthn:extension:prf: true, webauthn:virtualAuthenticators: true}
Element: [[ChromeDriver: chrome on mac (9d06139704b8e6b0ccc136f535e9064b)] -&amp;gt; xpath: //a[@ng-click=&amp;apos;goBack()&amp;apos;]]
Session ID: 9d06139704b8e6b0ccc136f535e9064b">
      <![CDATA[org.openqa.selenium.ElementClickInterceptedException: element click intercepted: Element <a class="btn" ng-click="goBack()" href="">...</a> is not clickable at point (56, 133). Other element would receive the click: <div class="modal-backdrop  in"></div>
  (Session info: chrome=137.0.7151.69)
Build info: version: '4.33.0', revision: '2c6aaad03a'
System info: os.name: 'Mac OS X', os.arch: 'aarch64', os.version: '15.0.1', java.version: '11.0.21'
Driver info: org.openqa.selenium.chrome.ChromeDriver
Command: [9d06139704b8e6b0ccc136f535e9064b, clickElement {id=f.F8EF825DC0246AB0CEEEDC84295066F9.d.CB70204CE0BA4289CF01006C49EFB42E.e.1132}]
Capabilities {acceptInsecureCerts: false, browserName: chrome, browserVersion: 137.0.7151.69, chrome: {chromedriverVersion: 137.0.7151.68 (2989ffee9373..., userDataDir: /var/folders/vf/lfpdnfb13lj...}, fedcm:accounts: true, goog:chromeOptions: {debuggerAddress: localhost:64353}, networkConnectionEnabled: false, pageLoadStrategy: normal, platformName: mac, proxy: Proxy(), se:cdp: ws://localhost:64353/devtoo..., se:cdpVersion: 137.0.7151.69, setWindowRect: true, strictFileInteractability: false, timeouts: {implicit: 0, pageLoad: 300000, script: 30000}, unhandledPromptBehavior: dismiss and notify, webauthn:extension:credBlob: true, webauthn:extension:largeBlob: true, webauthn:extension:minPinLength: true, webauthn:extension:prf: true, webauthn:virtualAuthenticators: true}
Element: [[ChromeDriver: chrome on mac (9d06139704b8e6b0ccc136f535e9064b)] -> xpath: //a[@ng-click='goBack()']]
Session ID: 9d06139704b8e6b0ccc136f535e9064b
at org.openqa.selenium.remote.ErrorCodec.decode(ErrorCodec.java:167)
at org.openqa.selenium.remote.codec.w3c.W3CHttpResponseCodec.decode(W3CHttpResponseCodec.java:138)
at org.openqa.selenium.remote.codec.w3c.W3CHttpResponseCodec.decode(W3CHttpResponseCodec.java:50)
at org.openqa.selenium.remote.HttpCommandExecutor.execute(HttpCommandExecutor.java:215)
at org.openqa.selenium.remote.service.DriverCommandExecutor.invokeExecute(DriverCommandExecutor.java:216)
at org.openqa.selenium.remote.service.DriverCommandExecutor.execute(DriverCommandExecutor.java:174)
at org.openqa.selenium.remote.RemoteWebDriver.execute(RemoteWebDriver.java:544)
at org.openqa.selenium.remote.RemoteWebElement.execute(RemoteWebElement.java:223)
at org.openqa.selenium.remote.RemoteWebElement.click(RemoteWebElement.java:76)
at com.planit.tests.pages.ContactPage.clickBackBtn(ContactPage.java:41)
at com.planit.tests.testcases.ContactFormTest.testValidFormSubmission(ContactFormTest.java:49)
at java.base/java.util.ArrayList.forEach(ArrayList.java:1541)
... Removed 31 stack frames]]>
    </failure>
  </testcase> <!-- testValidFormSubmission -->
  <testcase classname="com.planit.tests.testcases.ContactFormTest" name="testValidFormSubmission" time="16.998">
    <failure type="org.openqa.selenium.ElementClickInterceptedException" message="element click intercepted: Element &amp;lt;a href=&amp;quot;#/contact&amp;quot;&amp;gt;...&amp;lt;/a&amp;gt; is not clickable at point (395, 20). Other element would receive the click: &amp;lt;div class=&amp;quot;modal-backdrop  in&amp;quot;&amp;gt;&amp;lt;/div&amp;gt;
  (Session info: chrome=137.0.7151.69)
Build info: version: &amp;apos;4.33.0&amp;apos;, revision: &amp;apos;2c6aaad03a&amp;apos;
System info: os.name: &amp;apos;Mac OS X&amp;apos;, os.arch: &amp;apos;aarch64&amp;apos;, os.version: &amp;apos;15.0.1&amp;apos;, java.version: &amp;apos;11.0.21&amp;apos;
Driver info: org.openqa.selenium.chrome.ChromeDriver
Command: [9d06139704b8e6b0ccc136f535e9064b, clickElement {id=f.F8EF825DC0246AB0CEEEDC84295066F9.d.CB70204CE0BA4289CF01006C49EFB42E.e.43}]
Capabilities {acceptInsecureCerts: false, browserName: chrome, browserVersion: 137.0.7151.69, chrome: {chromedriverVersion: 137.0.7151.68 (2989ffee9373..., userDataDir: /var/folders/vf/lfpdnfb13lj...}, fedcm:accounts: true, goog:chromeOptions: {debuggerAddress: localhost:64353}, networkConnectionEnabled: false, pageLoadStrategy: normal, platformName: mac, proxy: Proxy(), se:cdp: ws://localhost:64353/devtoo..., se:cdpVersion: 137.0.7151.69, setWindowRect: true, strictFileInteractability: false, timeouts: {implicit: 0, pageLoad: 300000, script: 30000}, unhandledPromptBehavior: dismiss and notify, webauthn:extension:credBlob: true, webauthn:extension:largeBlob: true, webauthn:extension:minPinLength: true, webauthn:extension:prf: true, webauthn:virtualAuthenticators: true}
Element: [[ChromeDriver: chrome on mac (9d06139704b8e6b0ccc136f535e9064b)] -&amp;gt; xpath: //a[text()=&amp;apos;Contact&amp;apos;]]
Session ID: 9d06139704b8e6b0ccc136f535e9064b">
      <![CDATA[org.openqa.selenium.ElementClickInterceptedException: element click intercepted: Element <a href="#/contact">...</a> is not clickable at point (395, 20). Other element would receive the click: <div class="modal-backdrop  in"></div>
  (Session info: chrome=137.0.7151.69)
Build info: version: '4.33.0', revision: '2c6aaad03a'
System info: os.name: 'Mac OS X', os.arch: 'aarch64', os.version: '15.0.1', java.version: '11.0.21'
Driver info: org.openqa.selenium.chrome.ChromeDriver
Command: [9d06139704b8e6b0ccc136f535e9064b, clickElement {id=f.F8EF825DC0246AB0CEEEDC84295066F9.d.CB70204CE0BA4289CF01006C49EFB42E.e.43}]
Capabilities {acceptInsecureCerts: false, browserName: chrome, browserVersion: 137.0.7151.69, chrome: {chromedriverVersion: 137.0.7151.68 (2989ffee9373..., userDataDir: /var/folders/vf/lfpdnfb13lj...}, fedcm:accounts: true, goog:chromeOptions: {debuggerAddress: localhost:64353}, networkConnectionEnabled: false, pageLoadStrategy: normal, platformName: mac, proxy: Proxy(), se:cdp: ws://localhost:64353/devtoo..., se:cdpVersion: 137.0.7151.69, setWindowRect: true, strictFileInteractability: false, timeouts: {implicit: 0, pageLoad: 300000, script: 30000}, unhandledPromptBehavior: dismiss and notify, webauthn:extension:credBlob: true, webauthn:extension:largeBlob: true, webauthn:extension:minPinLength: true, webauthn:extension:prf: true, webauthn:virtualAuthenticators: true}
Element: [[ChromeDriver: chrome on mac (9d06139704b8e6b0ccc136f535e9064b)] -> xpath: //a[text()='Contact']]
Session ID: 9d06139704b8e6b0ccc136f535e9064b
at org.openqa.selenium.remote.ErrorCodec.decode(ErrorCodec.java:167)
at org.openqa.selenium.remote.codec.w3c.W3CHttpResponseCodec.decode(W3CHttpResponseCodec.java:138)
at org.openqa.selenium.remote.codec.w3c.W3CHttpResponseCodec.decode(W3CHttpResponseCodec.java:50)
at org.openqa.selenium.remote.HttpCommandExecutor.execute(HttpCommandExecutor.java:215)
at org.openqa.selenium.remote.service.DriverCommandExecutor.invokeExecute(DriverCommandExecutor.java:216)
at org.openqa.selenium.remote.service.DriverCommandExecutor.execute(DriverCommandExecutor.java:174)
at org.openqa.selenium.remote.RemoteWebDriver.execute(RemoteWebDriver.java:544)
at org.openqa.selenium.remote.RemoteWebElement.execute(RemoteWebElement.java:223)
at org.openqa.selenium.remote.RemoteWebElement.click(RemoteWebElement.java:76)
at com.planit.tests.pages.ContactPage.navigateToContact(ContactPage.java:30)
at com.planit.tests.testcases.ContactFormTest.testValidFormSubmission(ContactFormTest.java:43)
at java.base/java.util.ArrayList.forEach(ArrayList.java:1541)
... Removed 31 stack frames]]>
    </failure>
  </testcase> <!-- testValidFormSubmission -->
  <testcase classname="com.planit.tests.testcases.ContactFormTest" name="testValidFormSubmission" time="16.938">
    <failure type="org.openqa.selenium.ElementClickInterceptedException" message="element click intercepted: Element &amp;lt;a href=&amp;quot;#/contact&amp;quot;&amp;gt;...&amp;lt;/a&amp;gt; is not clickable at point (395, 20). Other element would receive the click: &amp;lt;div class=&amp;quot;modal-backdrop  in&amp;quot;&amp;gt;&amp;lt;/div&amp;gt;
  (Session info: chrome=137.0.7151.69)
Build info: version: &amp;apos;4.33.0&amp;apos;, revision: &amp;apos;2c6aaad03a&amp;apos;
System info: os.name: &amp;apos;Mac OS X&amp;apos;, os.arch: &amp;apos;aarch64&amp;apos;, os.version: &amp;apos;15.0.1&amp;apos;, java.version: &amp;apos;11.0.21&amp;apos;
Driver info: org.openqa.selenium.chrome.ChromeDriver
Command: [9d06139704b8e6b0ccc136f535e9064b, clickElement {id=f.F8EF825DC0246AB0CEEEDC84295066F9.d.CB70204CE0BA4289CF01006C49EFB42E.e.43}]
Capabilities {acceptInsecureCerts: false, browserName: chrome, browserVersion: 137.0.7151.69, chrome: {chromedriverVersion: 137.0.7151.68 (2989ffee9373..., userDataDir: /var/folders/vf/lfpdnfb13lj...}, fedcm:accounts: true, goog:chromeOptions: {debuggerAddress: localhost:64353}, networkConnectionEnabled: false, pageLoadStrategy: normal, platformName: mac, proxy: Proxy(), se:cdp: ws://localhost:64353/devtoo..., se:cdpVersion: 137.0.7151.69, setWindowRect: true, strictFileInteractability: false, timeouts: {implicit: 0, pageLoad: 300000, script: 30000}, unhandledPromptBehavior: dismiss and notify, webauthn:extension:credBlob: true, webauthn:extension:largeBlob: true, webauthn:extension:minPinLength: true, webauthn:extension:prf: true, webauthn:virtualAuthenticators: true}
Element: [[ChromeDriver: chrome on mac (9d06139704b8e6b0ccc136f535e9064b)] -&amp;gt; xpath: //a[text()=&amp;apos;Contact&amp;apos;]]
Session ID: 9d06139704b8e6b0ccc136f535e9064b">
      <![CDATA[org.openqa.selenium.ElementClickInterceptedException: element click intercepted: Element <a href="#/contact">...</a> is not clickable at point (395, 20). Other element would receive the click: <div class="modal-backdrop  in"></div>
  (Session info: chrome=137.0.7151.69)
Build info: version: '4.33.0', revision: '2c6aaad03a'
System info: os.name: 'Mac OS X', os.arch: 'aarch64', os.version: '15.0.1', java.version: '11.0.21'
Driver info: org.openqa.selenium.chrome.ChromeDriver
Command: [9d06139704b8e6b0ccc136f535e9064b, clickElement {id=f.F8EF825DC0246AB0CEEEDC84295066F9.d.CB70204CE0BA4289CF01006C49EFB42E.e.43}]
Capabilities {acceptInsecureCerts: false, browserName: chrome, browserVersion: 137.0.7151.69, chrome: {chromedriverVersion: 137.0.7151.68 (2989ffee9373..., userDataDir: /var/folders/vf/lfpdnfb13lj...}, fedcm:accounts: true, goog:chromeOptions: {debuggerAddress: localhost:64353}, networkConnectionEnabled: false, pageLoadStrategy: normal, platformName: mac, proxy: Proxy(), se:cdp: ws://localhost:64353/devtoo..., se:cdpVersion: 137.0.7151.69, setWindowRect: true, strictFileInteractability: false, timeouts: {implicit: 0, pageLoad: 300000, script: 30000}, unhandledPromptBehavior: dismiss and notify, webauthn:extension:credBlob: true, webauthn:extension:largeBlob: true, webauthn:extension:minPinLength: true, webauthn:extension:prf: true, webauthn:virtualAuthenticators: true}
Element: [[ChromeDriver: chrome on mac (9d06139704b8e6b0ccc136f535e9064b)] -> xpath: //a[text()='Contact']]
Session ID: 9d06139704b8e6b0ccc136f535e9064b
at org.openqa.selenium.remote.ErrorCodec.decode(ErrorCodec.java:167)
at org.openqa.selenium.remote.codec.w3c.W3CHttpResponseCodec.decode(W3CHttpResponseCodec.java:138)
at org.openqa.selenium.remote.codec.w3c.W3CHttpResponseCodec.decode(W3CHttpResponseCodec.java:50)
at org.openqa.selenium.remote.HttpCommandExecutor.execute(HttpCommandExecutor.java:215)
at org.openqa.selenium.remote.service.DriverCommandExecutor.invokeExecute(DriverCommandExecutor.java:216)
at org.openqa.selenium.remote.service.DriverCommandExecutor.execute(DriverCommandExecutor.java:174)
at org.openqa.selenium.remote.RemoteWebDriver.execute(RemoteWebDriver.java:544)
at org.openqa.selenium.remote.RemoteWebElement.execute(RemoteWebElement.java:223)
at org.openqa.selenium.remote.RemoteWebElement.click(RemoteWebElement.java:76)
at com.planit.tests.pages.ContactPage.navigateToContact(ContactPage.java:30)
at com.planit.tests.testcases.ContactFormTest.testValidFormSubmission(ContactFormTest.java:43)
at java.base/java.util.ArrayList.forEach(ArrayList.java:1541)
... Removed 31 stack frames]]>
    </failure>
  </testcase> <!-- testValidFormSubmission -->
  <testcase classname="com.planit.tests.testcases.ContactFormTest" name="testValidFormSubmission" time="16.368">
    <failure type="org.openqa.selenium.ElementClickInterceptedException" message="element click intercepted: Element &amp;lt;a href=&amp;quot;#/contact&amp;quot;&amp;gt;...&amp;lt;/a&amp;gt; is not clickable at point (395, 20). Other element would receive the click: &amp;lt;div class=&amp;quot;modal-backdrop  in&amp;quot;&amp;gt;&amp;lt;/div&amp;gt;
  (Session info: chrome=137.0.7151.69)
Build info: version: &amp;apos;4.33.0&amp;apos;, revision: &amp;apos;2c6aaad03a&amp;apos;
System info: os.name: &amp;apos;Mac OS X&amp;apos;, os.arch: &amp;apos;aarch64&amp;apos;, os.version: &amp;apos;15.0.1&amp;apos;, java.version: &amp;apos;11.0.21&amp;apos;
Driver info: org.openqa.selenium.chrome.ChromeDriver
Command: [9d06139704b8e6b0ccc136f535e9064b, clickElement {id=f.F8EF825DC0246AB0CEEEDC84295066F9.d.CB70204CE0BA4289CF01006C49EFB42E.e.43}]
Capabilities {acceptInsecureCerts: false, browserName: chrome, browserVersion: 137.0.7151.69, chrome: {chromedriverVersion: 137.0.7151.68 (2989ffee9373..., userDataDir: /var/folders/vf/lfpdnfb13lj...}, fedcm:accounts: true, goog:chromeOptions: {debuggerAddress: localhost:64353}, networkConnectionEnabled: false, pageLoadStrategy: normal, platformName: mac, proxy: Proxy(), se:cdp: ws://localhost:64353/devtoo..., se:cdpVersion: 137.0.7151.69, setWindowRect: true, strictFileInteractability: false, timeouts: {implicit: 0, pageLoad: 300000, script: 30000}, unhandledPromptBehavior: dismiss and notify, webauthn:extension:credBlob: true, webauthn:extension:largeBlob: true, webauthn:extension:minPinLength: true, webauthn:extension:prf: true, webauthn:virtualAuthenticators: true}
Element: [[ChromeDriver: chrome on mac (9d06139704b8e6b0ccc136f535e9064b)] -&amp;gt; xpath: //a[text()=&amp;apos;Contact&amp;apos;]]
Session ID: 9d06139704b8e6b0ccc136f535e9064b">
      <![CDATA[org.openqa.selenium.ElementClickInterceptedException: element click intercepted: Element <a href="#/contact">...</a> is not clickable at point (395, 20). Other element would receive the click: <div class="modal-backdrop  in"></div>
  (Session info: chrome=137.0.7151.69)
Build info: version: '4.33.0', revision: '2c6aaad03a'
System info: os.name: 'Mac OS X', os.arch: 'aarch64', os.version: '15.0.1', java.version: '11.0.21'
Driver info: org.openqa.selenium.chrome.ChromeDriver
Command: [9d06139704b8e6b0ccc136f535e9064b, clickElement {id=f.F8EF825DC0246AB0CEEEDC84295066F9.d.CB70204CE0BA4289CF01006C49EFB42E.e.43}]
Capabilities {acceptInsecureCerts: false, browserName: chrome, browserVersion: 137.0.7151.69, chrome: {chromedriverVersion: 137.0.7151.68 (2989ffee9373..., userDataDir: /var/folders/vf/lfpdnfb13lj...}, fedcm:accounts: true, goog:chromeOptions: {debuggerAddress: localhost:64353}, networkConnectionEnabled: false, pageLoadStrategy: normal, platformName: mac, proxy: Proxy(), se:cdp: ws://localhost:64353/devtoo..., se:cdpVersion: 137.0.7151.69, setWindowRect: true, strictFileInteractability: false, timeouts: {implicit: 0, pageLoad: 300000, script: 30000}, unhandledPromptBehavior: dismiss and notify, webauthn:extension:credBlob: true, webauthn:extension:largeBlob: true, webauthn:extension:minPinLength: true, webauthn:extension:prf: true, webauthn:virtualAuthenticators: true}
Element: [[ChromeDriver: chrome on mac (9d06139704b8e6b0ccc136f535e9064b)] -> xpath: //a[text()='Contact']]
Session ID: 9d06139704b8e6b0ccc136f535e9064b
at org.openqa.selenium.remote.ErrorCodec.decode(ErrorCodec.java:167)
at org.openqa.selenium.remote.codec.w3c.W3CHttpResponseCodec.decode(W3CHttpResponseCodec.java:138)
at org.openqa.selenium.remote.codec.w3c.W3CHttpResponseCodec.decode(W3CHttpResponseCodec.java:50)
at org.openqa.selenium.remote.HttpCommandExecutor.execute(HttpCommandExecutor.java:215)
at org.openqa.selenium.remote.service.DriverCommandExecutor.invokeExecute(DriverCommandExecutor.java:216)
at org.openqa.selenium.remote.service.DriverCommandExecutor.execute(DriverCommandExecutor.java:174)
at org.openqa.selenium.remote.RemoteWebDriver.execute(RemoteWebDriver.java:544)
at org.openqa.selenium.remote.RemoteWebElement.execute(RemoteWebElement.java:223)
at org.openqa.selenium.remote.RemoteWebElement.click(RemoteWebElement.java:76)
at com.planit.tests.pages.ContactPage.navigateToContact(ContactPage.java:30)
at com.planit.tests.testcases.ContactFormTest.testValidFormSubmission(ContactFormTest.java:43)
at java.base/java.util.ArrayList.forEach(ArrayList.java:1541)
... Removed 31 stack frames]]>
    </failure>
  </testcase> <!-- testValidFormSubmission -->
  <testcase classname="com.planit.tests.testcases.ContactFormTest" name="testValidFormSubmission" time="16.838">
    <failure type="org.openqa.selenium.ElementClickInterceptedException" message="element click intercepted: Element &amp;lt;a href=&amp;quot;#/contact&amp;quot;&amp;gt;...&amp;lt;/a&amp;gt; is not clickable at point (395, 20). Other element would receive the click: &amp;lt;div class=&amp;quot;modal-backdrop  in&amp;quot;&amp;gt;&amp;lt;/div&amp;gt;
  (Session info: chrome=137.0.7151.69)
Build info: version: &amp;apos;4.33.0&amp;apos;, revision: &amp;apos;2c6aaad03a&amp;apos;
System info: os.name: &amp;apos;Mac OS X&amp;apos;, os.arch: &amp;apos;aarch64&amp;apos;, os.version: &amp;apos;15.0.1&amp;apos;, java.version: &amp;apos;11.0.21&amp;apos;
Driver info: org.openqa.selenium.chrome.ChromeDriver
Command: [9d06139704b8e6b0ccc136f535e9064b, clickElement {id=f.F8EF825DC0246AB0CEEEDC84295066F9.d.CB70204CE0BA4289CF01006C49EFB42E.e.43}]
Capabilities {acceptInsecureCerts: false, browserName: chrome, browserVersion: 137.0.7151.69, chrome: {chromedriverVersion: 137.0.7151.68 (2989ffee9373..., userDataDir: /var/folders/vf/lfpdnfb13lj...}, fedcm:accounts: true, goog:chromeOptions: {debuggerAddress: localhost:64353}, networkConnectionEnabled: false, pageLoadStrategy: normal, platformName: mac, proxy: Proxy(), se:cdp: ws://localhost:64353/devtoo..., se:cdpVersion: 137.0.7151.69, setWindowRect: true, strictFileInteractability: false, timeouts: {implicit: 0, pageLoad: 300000, script: 30000}, unhandledPromptBehavior: dismiss and notify, webauthn:extension:credBlob: true, webauthn:extension:largeBlob: true, webauthn:extension:minPinLength: true, webauthn:extension:prf: true, webauthn:virtualAuthenticators: true}
Element: [[ChromeDriver: chrome on mac (9d06139704b8e6b0ccc136f535e9064b)] -&amp;gt; xpath: //a[text()=&amp;apos;Contact&amp;apos;]]
Session ID: 9d06139704b8e6b0ccc136f535e9064b">
      <![CDATA[org.openqa.selenium.ElementClickInterceptedException: element click intercepted: Element <a href="#/contact">...</a> is not clickable at point (395, 20). Other element would receive the click: <div class="modal-backdrop  in"></div>
  (Session info: chrome=137.0.7151.69)
Build info: version: '4.33.0', revision: '2c6aaad03a'
System info: os.name: 'Mac OS X', os.arch: 'aarch64', os.version: '15.0.1', java.version: '11.0.21'
Driver info: org.openqa.selenium.chrome.ChromeDriver
Command: [9d06139704b8e6b0ccc136f535e9064b, clickElement {id=f.F8EF825DC0246AB0CEEEDC84295066F9.d.CB70204CE0BA4289CF01006C49EFB42E.e.43}]
Capabilities {acceptInsecureCerts: false, browserName: chrome, browserVersion: 137.0.7151.69, chrome: {chromedriverVersion: 137.0.7151.68 (2989ffee9373..., userDataDir: /var/folders/vf/lfpdnfb13lj...}, fedcm:accounts: true, goog:chromeOptions: {debuggerAddress: localhost:64353}, networkConnectionEnabled: false, pageLoadStrategy: normal, platformName: mac, proxy: Proxy(), se:cdp: ws://localhost:64353/devtoo..., se:cdpVersion: 137.0.7151.69, setWindowRect: true, strictFileInteractability: false, timeouts: {implicit: 0, pageLoad: 300000, script: 30000}, unhandledPromptBehavior: dismiss and notify, webauthn:extension:credBlob: true, webauthn:extension:largeBlob: true, webauthn:extension:minPinLength: true, webauthn:extension:prf: true, webauthn:virtualAuthenticators: true}
Element: [[ChromeDriver: chrome on mac (9d06139704b8e6b0ccc136f535e9064b)] -> xpath: //a[text()='Contact']]
Session ID: 9d06139704b8e6b0ccc136f535e9064b
at org.openqa.selenium.remote.ErrorCodec.decode(ErrorCodec.java:167)
at org.openqa.selenium.remote.codec.w3c.W3CHttpResponseCodec.decode(W3CHttpResponseCodec.java:138)
at org.openqa.selenium.remote.codec.w3c.W3CHttpResponseCodec.decode(W3CHttpResponseCodec.java:50)
at org.openqa.selenium.remote.HttpCommandExecutor.execute(HttpCommandExecutor.java:215)
at org.openqa.selenium.remote.service.DriverCommandExecutor.invokeExecute(DriverCommandExecutor.java:216)
at org.openqa.selenium.remote.service.DriverCommandExecutor.execute(DriverCommandExecutor.java:174)
at org.openqa.selenium.remote.RemoteWebDriver.execute(RemoteWebDriver.java:544)
at org.openqa.selenium.remote.RemoteWebElement.execute(RemoteWebElement.java:223)
at org.openqa.selenium.remote.RemoteWebElement.click(RemoteWebElement.java:76)
at com.planit.tests.pages.ContactPage.navigateToContact(ContactPage.java:30)
at com.planit.tests.testcases.ContactFormTest.testValidFormSubmission(ContactFormTest.java:43)
at java.base/java.util.ArrayList.forEach(ArrayList.java:1541)
... Removed 31 stack frames]]>
    </failure>
  </testcase> <!-- testValidFormSubmission -->
  <testcase classname="com.planit.tests.base.BaseTest" name="@AfterTest teardown" time="0.0">
    <ignored/>
  </testcase> <!-- @AfterTest teardown -->
  <testcase classname="com.planit.tests.base.BaseTest" name="@BeforeTest setup" time="0.0">
    <ignored/>
  </testcase> <!-- @BeforeTest setup -->
</testsuite> <!-- Test -->
